<?xml version="1.0" encoding="UTF-8"?>
<testsuite xmlns:xsi="http://www.w3.org/2001/XMLSchema-instance" xsi:noNamespaceSchemaLocation="https://maven.apache.org/surefire/maven-surefire-plugin/xsd/surefire-test-report.xsd" version="3.0.2" name="edu.vnrvjiet.sms.StudentMarkServiceTests" time="3.874" tests="9" errors="0" skipped="0" failures="0">
  <properties>
[...]
</properties>
  <testcase name="addOneStudentTest_1" classname="edu.vnrvjiet.sms.StudentMarkServiceTests" time="0.718">
    <system-out><![CDATA[02:26:16.109 [main] INFO org.springframework.test.context.support.AnnotationConfigContextLoaderUtils -- Could not detect default configuration classes for test class [edu.vnrvjiet.sms.StudentMarkServiceTests]: StudentMarkServiceTests does not declare any static, non-private, non-final, nested classes annotated with @Configuration.
02:26:16.289 [main] INFO org.springframework.boot.test.context.SpringBootTestContextBootstrapper -- Found @SpringBootConfiguration edu.vnrvjiet.sms.StudentMarkServiceApplication for test class edu.vnrvjiet.sms.StudentMarkServiceTests

  .   ____          _            __ _ _
 /\\ / ___'_ __ _ _(_)_ __  __ _ \ \ \ \
( ( )\___ | '_ | '_| | '_ \/ _` | \ \ \ \
 \\/  ___)| |_)| | | | | || (_| |  ) ) ) )
  '  |____| .__|_| |_|_| |_\__, | / / / /
 =========|_|==============|___/=/_/_/_/

 :: Spring Boot ::                (v3.5.5)

2025-11-15T02:26:16.804+05:30  INFO 20648 --- [studentmarkservice] [           main] e.vnrvjiet.sms.StudentMarkServiceTests   : Starting StudentMarkServiceTests using Java 21.0.9 with PID 20648 (started by ruthv in C:\Users\ruthv\Downloads\studentmarkservice-main\studentmarkservice-main)
2025-11-15T02:26:16.805+05:30  INFO 20648 --- [studentmarkservice] [           main] e.vnrvjiet.sms.StudentMarkServiceTests   : No active profile set, falling back to 1 default profile: "default"
2025-11-15T02:26:18.808+05:30  INFO 20648 --- [studentmarkservice] [           main] o.s.b.a.e.web.EndpointLinksResolver      : Exposing 13 endpoints beneath base path '/actuator'
2025-11-15T02:26:18.897+05:30  INFO 20648 --- [studentmarkservice] [           main] e.vnrvjiet.sms.StudentMarkServiceTests   : Started StudentMarkServiceTests in 2.421 seconds (process running for 3.633)
]]></system-out>
    <system-err><![CDATA[Mockito is currently self-attaching to enable the inline-mock-maker. This will no longer work in future releases of the JDK. Please add Mockito as an agent to your build as described in Mockito's documentation: https://javadoc.io/doc/org.mockito/mockito-core/latest/org.mockito/org/mockito/Mockito.html#0.3
WARNING: A Java agent has been loaded dynamically (C:\Users\ruthv\.m2\repository\net\bytebuddy\byte-buddy-agent\1.17.7\byte-buddy-agent-1.17.7.jar)
WARNING: If a serviceability tool is in use, please run with -XX:+EnableDynamicAgentLoading to hide this warning
WARNING: If a serviceability tool is not in use, please run with -Djdk.instrument.traceUsage for more information
WARNING: Dynamic loading of agents will be disallowed by default in a future release
]]></system-err>
  </testcase>
  <testcase name="addOneStudentTest_2" classname="edu.vnrvjiet.sms.StudentMarkServiceTests" time="0.003"/>
  <testcase name="findAllTest_1" classname="edu.vnrvjiet.sms.StudentMarkServiceTests" time="0.003"/>
  <testcase name="findByIdTest" classname="edu.vnrvjiet.sms.StudentMarkServiceTests" time="0.002"/>
  <testcase name="deleteByIdTest" classname="edu.vnrvjiet.sms.StudentMarkServiceTests" time="0.002"/>
  <testcase name="updateStudentTest_1" classname="edu.vnrvjiet.sms.StudentMarkServiceTests" time="0.002"/>
  <testcase name="updateStudentTest_2" classname="edu.vnrvjiet.sms.StudentMarkServiceTests" time="0.003"/>
  <testcase name="findAllTest_2" classname="edu.vnrvjiet.sms.StudentMarkServiceTests" time="0.011"/>
  <testcase name="contextLoads" classname="edu.vnrvjiet.sms.StudentMarkServiceTests" time="0.002"/>
</testsuite>